[03-May-2019 21:47:37 UTC] PHP Fatal error:  Uncaught exception 'PDOException' with message 'SQLSTATE[42S22]: Column not found: 1054 Unknown column 'email' in 'field list'' in /home/ubuntu/workspace/s19cst336/homeWorks/project5/getEmail.php:14
Stack trace:
#0 /home/ubuntu/workspace/s19cst336/homeWorks/project5/getEmail.php(14): PDOStatement->execute(NULL)
#1 {main}
  thrown in /home/ubuntu/workspace/s19cst336/homeWorks/project5/getEmail.php on line 14
[03-May-2019 21:48:43 UTC] PHP Fatal error:  Uncaught exception 'PDOException' with message 'SQLSTATE[42S22]: Column not found: 1054 Unknown column 'email' in 'field list'' in /home/ubuntu/workspace/s19cst336/homeWorks/project5/getEmail.php:14
Stack trace:
#0 /home/ubuntu/workspace/s19cst336/homeWorks/project5/getEmail.php(14): PDOStatement->execute(NULL)
#1 {main}
  thrown in /home/ubuntu/workspace/s19cst336/homeWorks/project5/getEmail.php on line 14
[03-May-2019 21:48:57 UTC] PHP Fatal error:  Uncaught exception 'PDOException' with message 'SQLSTATE[42S22]: Column not found: 1054 Unknown column 'email' in 'field list'' in /home/ubuntu/workspace/s19cst336/homeWorks/project5/getEmail.php:14
Stack trace:
#0 /home/ubuntu/workspace/s19cst336/homeWorks/project5/getEmail.php(14): PDOStatement->execute(NULL)
#1 {main}
  thrown in /home/ubuntu/workspace/s19cst336/homeWorks/project5/getEmail.php on line 14
[03-May-2019 21:50:00 UTC] PHP Fatal error:  Uncaught exception 'PDOException' with message 'SQLSTATE[42S22]: Column not found: 1054 Unknown column 'email' in 'field list'' in /home/ubuntu/workspace/s19cst336/homeWorks/project5/getEmail.php:14
Stack trace:
#0 /home/ubuntu/workspace/s19cst336/homeWorks/project5/getEmail.php(14): PDOStatement->execute(NULL)
#1 {main}
  thrown in /home/ubuntu/workspace/s19cst336/homeWorks/project5/getEmail.php on line 14
[03-May-2019 21:50:05 UTC] PHP Fatal error:  Uncaught exception 'PDOException' with message 'SQLSTATE[42S22]: Column not found: 1054 Unknown column 'email' in 'field list'' in /home/ubuntu/workspace/s19cst336/homeWorks/project5/getEmail.php:14
Stack trace:
#0 /home/ubuntu/workspace/s19cst336/homeWorks/project5/getEmail.php(14): PDOStatement->execute(NULL)
#1 {main}
  thrown in /home/ubuntu/workspace/s19cst336/homeWorks/project5/getEmail.php on line 14
[03-May-2019 21:51:39 UTC] PHP Fatal error:  Uncaught exception 'PDOException' with message 'SQLSTATE[42S22]: Column not found: 1054 Unknown column 'email' in 'field list'' in /home/ubuntu/workspace/s19cst336/homeWorks/project5/getEmail.php:14
Stack trace:
#0 /home/ubuntu/workspace/s19cst336/homeWorks/project5/getEmail.php(14): PDOStatement->execute(NULL)
#1 {main}
  thrown in /home/ubuntu/workspace/s19cst336/homeWorks/project5/getEmail.php on line 14
[03-May-2019 21:52:34 UTC] PHP Fatal error:  Uncaught exception 'PDOException' with message 'SQLSTATE[42S22]: Column not found: 1054 Unknown column 'email' in 'field list'' in /home/ubuntu/workspace/s19cst336/homeWorks/project5/getEmail.php:14
Stack trace:
#0 /home/ubuntu/workspace/s19cst336/homeWorks/project5/getEmail.php(14): PDOStatement->execute(NULL)
#1 {main}
  thrown in /home/ubuntu/workspace/s19cst336/homeWorks/project5/getEmail.php on line 14
[03-May-2019 21:52:36 UTC] PHP Fatal error:  Uncaught exception 'PDOException' with message 'SQLSTATE[42S22]: Column not found: 1054 Unknown column 'email' in 'field list'' in /home/ubuntu/workspace/s19cst336/homeWorks/project5/getEmail.php:14
Stack trace:
#0 /home/ubuntu/workspace/s19cst336/homeWorks/project5/getEmail.php(14): PDOStatement->execute(NULL)
#1 {main}
  thrown in /home/ubuntu/workspace/s19cst336/homeWorks/project5/getEmail.php on line 14
[03-May-2019 21:52:50 UTC] PHP Fatal error:  Uncaught exception 'PDOException' with message 'SQLSTATE[42S22]: Column not found: 1054 Unknown column 'email' in 'field list'' in /home/ubuntu/workspace/s19cst336/homeWorks/project5/getEmail.php:14
Stack trace:
#0 /home/ubuntu/workspace/s19cst336/homeWorks/project5/getEmail.php(14): PDOStatement->execute(NULL)
#1 {main}
  thrown in /home/ubuntu/workspace/s19cst336/homeWorks/project5/getEmail.php on line 14
[03-May-2019 21:53:02 UTC] PHP Fatal error:  Uncaught exception 'PDOException' with message 'SQLSTATE[42S22]: Column not found: 1054 Unknown column 'email' in 'field list'' in /home/ubuntu/workspace/s19cst336/homeWorks/project5/getEmail.php:14
Stack trace:
#0 /home/ubuntu/workspace/s19cst336/homeWorks/project5/getEmail.php(14): PDOStatement->execute(NULL)
#1 {main}
  thrown in /home/ubuntu/workspace/s19cst336/homeWorks/project5/getEmail.php on line 14
[03-May-2019 21:54:06 UTC] PHP Fatal error:  Uncaught exception 'PDOException' with message 'SQLSTATE[HY000]: General error' in /home/ubuntu/workspace/s19cst336/homeWorks/project5/getEmail.php:15
Stack trace:
#0 /home/ubuntu/workspace/s19cst336/homeWorks/project5/getEmail.php(15): PDOStatement->fetchAll(2)
#1 {main}
  thrown in /home/ubuntu/workspace/s19cst336/homeWorks/project5/getEmail.php on line 15
[03-May-2019 23:22:56 UTC] PHP Warning:  file_get_contents(): Filename cannot be empty in /home/ubuntu/workspace/s19cst336/homeWorks/project5/uploadFile.php on line 37
[03-May-2019 23:22:56 UTC] PHP Stack trace:
[03-May-2019 23:22:56 UTC] PHP   1. {main}() /home/ubuntu/workspace/s19cst336/homeWorks/project5/uploadFile.php:0
[03-May-2019 23:22:56 UTC] PHP   2. uploadImage() /home/ubuntu/workspace/s19cst336/homeWorks/project5/uploadFile.php:17
[03-May-2019 23:22:56 UTC] PHP   3. file_get_contents() /home/ubuntu/workspace/s19cst336/homeWorks/project5/uploadFile.php:37
[03-May-2019 23:22:56 UTC] PHP Warning:  mysql_query(): Access denied for user ''@'localhost' (using password: NO) in /home/ubuntu/workspace/s19cst336/homeWorks/project5/uploadFile.php on line 40
[03-May-2019 23:22:56 UTC] PHP Stack trace:
[03-May-2019 23:22:56 UTC] PHP   1. {main}() /home/ubuntu/workspace/s19cst336/homeWorks/project5/uploadFile.php:0
[03-May-2019 23:22:56 UTC] PHP   2. uploadImage() /home/ubuntu/workspace/s19cst336/homeWorks/project5/uploadFile.php:17
[03-May-2019 23:22:56 UTC] PHP   3. mysql_query() /home/ubuntu/workspace/s19cst336/homeWorks/project5/uploadFile.php:40
[03-May-2019 23:22:56 UTC] PHP Warning:  mysql_query(): A link to the server could not be established in /home/ubuntu/workspace/s19cst336/homeWorks/project5/uploadFile.php on line 40
[03-May-2019 23:22:56 UTC] PHP Stack trace:
[03-May-2019 23:22:56 UTC] PHP   1. {main}() /home/ubuntu/workspace/s19cst336/homeWorks/project5/uploadFile.php:0
[03-May-2019 23:22:56 UTC] PHP   2. uploadImage() /home/ubuntu/workspace/s19cst336/homeWorks/project5/uploadFile.php:17
[03-May-2019 23:22:56 UTC] PHP   3. mysql_query() /home/ubuntu/workspace/s19cst336/homeWorks/project5/uploadFile.php:40
[03-May-2019 23:24:52 UTC] PHP Warning:  file_get_contents(): Filename cannot be empty in /home/ubuntu/workspace/s19cst336/homeWorks/project5/uploadFile.php on line 37
[03-May-2019 23:24:52 UTC] PHP Stack trace:
[03-May-2019 23:24:52 UTC] PHP   1. {main}() /home/ubuntu/workspace/s19cst336/homeWorks/project5/uploadFile.php:0
[03-May-2019 23:24:52 UTC] PHP   2. uploadImage() /home/ubuntu/workspace/s19cst336/homeWorks/project5/uploadFile.php:17
[03-May-2019 23:24:52 UTC] PHP   3. file_get_contents() /home/ubuntu/workspace/s19cst336/homeWorks/project5/uploadFile.php:37
[03-May-2019 23:24:52 UTC] PHP Warning:  mysql_query(): Access denied for user ''@'localhost' (using password: NO) in /home/ubuntu/workspace/s19cst336/homeWorks/project5/uploadFile.php on line 40
[03-May-2019 23:24:52 UTC] PHP Stack trace:
[03-May-2019 23:24:52 UTC] PHP   1. {main}() /home/ubuntu/workspace/s19cst336/homeWorks/project5/uploadFile.php:0
[03-May-2019 23:24:52 UTC] PHP   2. uploadImage() /home/ubuntu/workspace/s19cst336/homeWorks/project5/uploadFile.php:17
[03-May-2019 23:24:52 UTC] PHP   3. mysql_query() /home/ubuntu/workspace/s19cst336/homeWorks/project5/uploadFile.php:40
[03-May-2019 23:24:52 UTC] PHP Warning:  mysql_query(): A link to the server could not be established in /home/ubuntu/workspace/s19cst336/homeWorks/project5/uploadFile.php on line 40
[03-May-2019 23:24:52 UTC] PHP Stack trace:
[03-May-2019 23:24:52 UTC] PHP   1. {main}() /home/ubuntu/workspace/s19cst336/homeWorks/project5/uploadFile.php:0
[03-May-2019 23:24:52 UTC] PHP   2. uploadImage() /home/ubuntu/workspace/s19cst336/homeWorks/project5/uploadFile.php:17
[03-May-2019 23:24:52 UTC] PHP   3. mysql_query() /home/ubuntu/workspace/s19cst336/homeWorks/project5/uploadFile.php:40
[03-May-2019 23:26:51 UTC] PHP Warning:  file_get_contents(): Filename cannot be empty in /home/ubuntu/workspace/s19cst336/homeWorks/project5/uploadFile.php on line 37
[03-May-2019 23:26:51 UTC] PHP Stack trace:
[03-May-2019 23:26:51 UTC] PHP   1. {main}() /home/ubuntu/workspace/s19cst336/homeWorks/project5/uploadFile.php:0
[03-May-2019 23:26:51 UTC] PHP   2. uploadImage() /home/ubuntu/workspace/s19cst336/homeWorks/project5/uploadFile.php:17
[03-May-2019 23:26:51 UTC] PHP   3. file_get_contents() /home/ubuntu/workspace/s19cst336/homeWorks/project5/uploadFile.php:37
[03-May-2019 23:26:51 UTC] PHP Warning:  mysql_query(): Access denied for user ''@'localhost' (using password: NO) in /home/ubuntu/workspace/s19cst336/homeWorks/project5/uploadFile.php on line 40
[03-May-2019 23:26:51 UTC] PHP Stack trace:
[03-May-2019 23:26:51 UTC] PHP   1. {main}() /home/ubuntu/workspace/s19cst336/homeWorks/project5/uploadFile.php:0
[03-May-2019 23:26:51 UTC] PHP   2. uploadImage() /home/ubuntu/workspace/s19cst336/homeWorks/project5/uploadFile.php:17
[03-May-2019 23:26:51 UTC] PHP   3. mysql_query() /home/ubuntu/workspace/s19cst336/homeWorks/project5/uploadFile.php:40
[03-May-2019 23:26:51 UTC] PHP Warning:  mysql_query(): A link to the server could not be established in /home/ubuntu/workspace/s19cst336/homeWorks/project5/uploadFile.php on line 40
[03-May-2019 23:26:51 UTC] PHP Stack trace:
[03-May-2019 23:26:51 UTC] PHP   1. {main}() /home/ubuntu/workspace/s19cst336/homeWorks/project5/uploadFile.php:0
[03-May-2019 23:26:51 UTC] PHP   2. uploadImage() /home/ubuntu/workspace/s19cst336/homeWorks/project5/uploadFile.php:17
[03-May-2019 23:26:51 UTC] PHP   3. mysql_query() /home/ubuntu/workspace/s19cst336/homeWorks/project5/uploadFile.php:40
[04-May-2019 04:44:00 UTC] PHP Warning:  array_keys() expects parameter 1 to be array, null given in /home/ubuntu/workspace/s19cst336/homeWorks/project5/uploadFile.php on line 29
[04-May-2019 04:44:00 UTC] PHP Stack trace:
[04-May-2019 04:44:00 UTC] PHP   1. {main}() /home/ubuntu/workspace/s19cst336/homeWorks/project5/uploadFile.php:0
[04-May-2019 04:44:00 UTC] PHP   2. reArrayFiles() /home/ubuntu/workspace/s19cst336/homeWorks/project5/uploadFile.php:6
[04-May-2019 04:44:00 UTC] PHP   3. array_keys() /home/ubuntu/workspace/s19cst336/homeWorks/project5/uploadFile.php:29
[04-May-2019 04:46:39 UTC] PHP Warning:  array_keys() expects parameter 1 to be array, null given in /home/ubuntu/workspace/s19cst336/homeWorks/project5/uploadFile.php on line 29
[04-May-2019 04:46:39 UTC] PHP Stack trace:
[04-May-2019 04:46:39 UTC] PHP   1. {main}() /home/ubuntu/workspace/s19cst336/homeWorks/project5/uploadFile.php:0
[04-May-2019 04:46:39 UTC] PHP   2. reArrayFiles() /home/ubuntu/workspace/s19cst336/homeWorks/project5/uploadFile.php:6
[04-May-2019 04:46:39 UTC] PHP   3. array_keys() /home/ubuntu/workspace/s19cst336/homeWorks/project5/uploadFile.php:29
