[08-Apr-2019 19:07:27 UTC] PHP Warning:  include(dbConnection.php): failed to open stream: No such file or directory in /home/ubuntu/workspace/s19cst336/Practice/p7/api/get_word_api.php on line 5
[08-Apr-2019 19:07:27 UTC] PHP Stack trace:
[08-Apr-2019 19:07:27 UTC] PHP   1. {main}() /home/ubuntu/workspace/s19cst336/Practice/p7/api/get_word_api.php:0
[08-Apr-2019 19:07:27 UTC] PHP Warning:  include(): Failed opening 'dbConnection.php' for inclusion (include_path='.:/usr/share/php:/usr/share/pear') in /home/ubuntu/workspace/s19cst336/Practice/p7/api/get_word_api.php on line 5
[08-Apr-2019 19:07:27 UTC] PHP Stack trace:
[08-Apr-2019 19:07:27 UTC] PHP   1. {main}() /home/ubuntu/workspace/s19cst336/Practice/p7/api/get_word_api.php:0
[08-Apr-2019 19:07:27 UTC] PHP Fatal error:  Call to undefined function getDatabaseConnection() in /home/ubuntu/workspace/s19cst336/Practice/p7/api/get_word_api.php on line 6
[08-Apr-2019 19:07:27 UTC] PHP Stack trace:
[08-Apr-2019 19:07:27 UTC] PHP   1. {main}() /home/ubuntu/workspace/s19cst336/Practice/p7/api/get_word_api.php:0
[08-Apr-2019 19:07:34 UTC] PHP Warning:  include(dbConnection.php): failed to open stream: No such file or directory in /home/ubuntu/workspace/s19cst336/Practice/p7/api/check_word.php on line 4
[08-Apr-2019 19:07:34 UTC] PHP Stack trace:
[08-Apr-2019 19:07:34 UTC] PHP   1. {main}() /home/ubuntu/workspace/s19cst336/Practice/p7/api/check_word.php:0
[08-Apr-2019 19:07:34 UTC] PHP Warning:  include(): Failed opening 'dbConnection.php' for inclusion (include_path='.:/usr/share/php:/usr/share/pear') in /home/ubuntu/workspace/s19cst336/Practice/p7/api/check_word.php on line 4
[08-Apr-2019 19:07:34 UTC] PHP Stack trace:
[08-Apr-2019 19:07:34 UTC] PHP   1. {main}() /home/ubuntu/workspace/s19cst336/Practice/p7/api/check_word.php:0
[08-Apr-2019 19:16:38 UTC] PHP Warning:  include(dbConnection.php): failed to open stream: No such file or directory in /home/ubuntu/workspace/s19cst336/Practice/p7/api/get_word_api.php on line 5
[08-Apr-2019 19:16:38 UTC] PHP Stack trace:
[08-Apr-2019 19:16:38 UTC] PHP   1. {main}() /home/ubuntu/workspace/s19cst336/Practice/p7/api/get_word_api.php:0
[08-Apr-2019 19:16:38 UTC] PHP Warning:  include(): Failed opening 'dbConnection.php' for inclusion (include_path='.:/usr/share/php:/usr/share/pear') in /home/ubuntu/workspace/s19cst336/Practice/p7/api/get_word_api.php on line 5
[08-Apr-2019 19:16:38 UTC] PHP Stack trace:
[08-Apr-2019 19:16:38 UTC] PHP   1. {main}() /home/ubuntu/workspace/s19cst336/Practice/p7/api/get_word_api.php:0
[08-Apr-2019 19:16:38 UTC] PHP Fatal error:  Call to undefined function getDatabaseConnection() in /home/ubuntu/workspace/s19cst336/Practice/p7/api/get_word_api.php on line 6
[08-Apr-2019 19:16:38 UTC] PHP Stack trace:
[08-Apr-2019 19:16:38 UTC] PHP   1. {main}() /home/ubuntu/workspace/s19cst336/Practice/p7/api/get_word_api.php:0
[08-Apr-2019 19:16:43 UTC] PHP Warning:  include(dbConnection.php): failed to open stream: No such file or directory in /home/ubuntu/workspace/s19cst336/Practice/p7/api/get_word_api.php on line 5
[08-Apr-2019 19:16:43 UTC] PHP Stack trace:
[08-Apr-2019 19:16:43 UTC] PHP   1. {main}() /home/ubuntu/workspace/s19cst336/Practice/p7/api/get_word_api.php:0
[08-Apr-2019 19:16:43 UTC] PHP Warning:  include(): Failed opening 'dbConnection.php' for inclusion (include_path='.:/usr/share/php:/usr/share/pear') in /home/ubuntu/workspace/s19cst336/Practice/p7/api/get_word_api.php on line 5
[08-Apr-2019 19:16:43 UTC] PHP Stack trace:
[08-Apr-2019 19:16:43 UTC] PHP   1. {main}() /home/ubuntu/workspace/s19cst336/Practice/p7/api/get_word_api.php:0
[08-Apr-2019 19:16:43 UTC] PHP Fatal error:  Call to undefined function getDatabaseConnection() in /home/ubuntu/workspace/s19cst336/Practice/p7/api/get_word_api.php on line 6
[08-Apr-2019 19:16:43 UTC] PHP Stack trace:
[08-Apr-2019 19:16:43 UTC] PHP   1. {main}() /home/ubuntu/workspace/s19cst336/Practice/p7/api/get_word_api.php:0
[08-Apr-2019 19:43:27 UTC] PHP Fatal error:  Uncaught exception 'PDOException' with message 'SQLSTATE[HY093]: Invalid parameter number: no parameters were bound' in /home/ubuntu/workspace/s19cst336/Practice/p7/api/check_word.php:11
Stack trace:
#0 /home/ubuntu/workspace/s19cst336/Practice/p7/api/check_word.php(11): PDOStatement->execute(NULL)
#1 {main}
  thrown in /home/ubuntu/workspace/s19cst336/Practice/p7/api/check_word.php on line 11
[08-Apr-2019 19:43:27 UTC] PHP Warning:  PDOStatement::execute() expects parameter 1 to be array, string given in /home/ubuntu/workspace/s19cst336/Practice/p7/api/check_word.php on line 11
[08-Apr-2019 19:43:27 UTC] PHP Stack trace:
[08-Apr-2019 19:43:27 UTC] PHP   1. {main}() /home/ubuntu/workspace/s19cst336/Practice/p7/api/check_word.php:0
[08-Apr-2019 19:43:27 UTC] PHP   2. PDOStatement->execute() /home/ubuntu/workspace/s19cst336/Practice/p7/api/check_word.php:11
[08-Apr-2019 19:43:31 UTC] PHP Warning:  PDOStatement::execute() expects parameter 1 to be array, string given in /home/ubuntu/workspace/s19cst336/Practice/p7/api/check_word.php on line 11
[08-Apr-2019 19:43:31 UTC] PHP Stack trace:
[08-Apr-2019 19:43:31 UTC] PHP   1. {main}() /home/ubuntu/workspace/s19cst336/Practice/p7/api/check_word.php:0
[08-Apr-2019 19:43:31 UTC] PHP   2. PDOStatement->execute() /home/ubuntu/workspace/s19cst336/Practice/p7/api/check_word.php:11
[08-Apr-2019 19:43:34 UTC] PHP Warning:  PDOStatement::execute() expects parameter 1 to be array, string given in /home/ubuntu/workspace/s19cst336/Practice/p7/api/check_word.php on line 11
[08-Apr-2019 19:43:34 UTC] PHP Stack trace:
[08-Apr-2019 19:43:34 UTC] PHP   1. {main}() /home/ubuntu/workspace/s19cst336/Practice/p7/api/check_word.php:0
[08-Apr-2019 19:43:34 UTC] PHP   2. PDOStatement->execute() /home/ubuntu/workspace/s19cst336/Practice/p7/api/check_word.php:11
[08-Apr-2019 19:43:35 UTC] PHP Warning:  PDOStatement::execute() expects parameter 1 to be array, string given in /home/ubuntu/workspace/s19cst336/Practice/p7/api/check_word.php on line 11
[08-Apr-2019 19:43:36 UTC] PHP Stack trace:
[08-Apr-2019 19:43:36 UTC] PHP   1. {main}() /home/ubuntu/workspace/s19cst336/Practice/p7/api/check_word.php:0
[08-Apr-2019 19:43:36 UTC] PHP   2. PDOStatement->execute() /home/ubuntu/workspace/s19cst336/Practice/p7/api/check_word.php:11
[08-Apr-2019 19:44:55 UTC] PHP Warning:  PDOStatement::execute() expects parameter 1 to be array, string given in /home/ubuntu/workspace/s19cst336/Practice/p7/api/check_word.php on line 11
[08-Apr-2019 19:44:55 UTC] PHP Stack trace:
[08-Apr-2019 19:44:55 UTC] PHP   1. {main}() /home/ubuntu/workspace/s19cst336/Practice/p7/api/check_word.php:0
[08-Apr-2019 19:44:55 UTC] PHP   2. PDOStatement->execute() /home/ubuntu/workspace/s19cst336/Practice/p7/api/check_word.php:11
[08-Apr-2019 19:45:36 UTC] PHP Warning:  PDOStatement::execute() expects parameter 1 to be array, string given in /home/ubuntu/workspace/s19cst336/Practice/p7/api/check_word.php on line 11
[08-Apr-2019 19:45:36 UTC] PHP Stack trace:
[08-Apr-2019 19:45:36 UTC] PHP   1. {main}() /home/ubuntu/workspace/s19cst336/Practice/p7/api/check_word.php:0
[08-Apr-2019 19:45:36 UTC] PHP   2. PDOStatement->execute() /home/ubuntu/workspace/s19cst336/Practice/p7/api/check_word.php:11
[08-Apr-2019 20:04:26 UTC] PHP Parse error:  syntax error, unexpected ')' in /home/ubuntu/workspace/s19cst336/Practice/p7/api/check_word.php on line 21
[08-Apr-2019 20:06:43 UTC] PHP Parse error:  syntax error, unexpected ')' in /home/ubuntu/workspace/s19cst336/Practice/p7/api/check_word.php on line 21
[08-Apr-2019 20:06:45 UTC] PHP Parse error:  syntax error, unexpected ')' in /home/ubuntu/workspace/s19cst336/Practice/p7/api/check_word.php on line 21
[08-Apr-2019 20:18:04 UTC] PHP Parse error:  syntax error, unexpected ')' in /home/ubuntu/workspace/s19cst336/Practice/p7/api/check_word.php on line 21
[08-Apr-2019 20:18:18 UTC] PHP Parse error:  syntax error, unexpected ')' in /home/ubuntu/workspace/s19cst336/Practice/p7/api/check_word.php on line 21
[08-Apr-2019 20:18:21 UTC] PHP Parse error:  syntax error, unexpected ')' in /home/ubuntu/workspace/s19cst336/Practice/p7/api/check_word.php on line 21
[08-Apr-2019 20:18:32 UTC] PHP Parse error:  syntax error, unexpected ')' in /home/ubuntu/workspace/s19cst336/Practice/p7/api/check_word.php on line 21
[08-Apr-2019 20:18:52 UTC] PHP Parse error:  syntax error, unexpected ')' in /home/ubuntu/workspace/s19cst336/Practice/p7/api/check_word.php on line 21
[08-Apr-2019 20:19:24 UTC] PHP Parse error:  syntax error, unexpected ')' in /home/ubuntu/workspace/s19cst336/Practice/p7/api/check_word.php on line 21
[08-Apr-2019 20:26:37 UTC] PHP Parse error:  syntax error, unexpected '$word' (T_VARIABLE) in /home/ubuntu/workspace/s19cst336/Practice/p7/api/check_word.php on line 22
[08-Apr-2019 20:26:55 UTC] PHP Parse error:  syntax error, unexpected '$word' (T_VARIABLE) in /home/ubuntu/workspace/s19cst336/Practice/p7/api/check_word.php on line 22
[08-Apr-2019 20:27:13 UTC] PHP Warning:  Invalid argument supplied for foreach() in /home/ubuntu/workspace/s19cst336/Practice/p7/api/check_word.php on line 27
[08-Apr-2019 20:27:13 UTC] PHP Stack trace:
[08-Apr-2019 20:27:13 UTC] PHP   1. {main}() /home/ubuntu/workspace/s19cst336/Practice/p7/api/check_word.php:0
